\BOOKMARK [0][-]{section*.8}{\376\377\004\027\004\076\004\105\004\070\004\076\004\063\004\107\000\040\004\115\004\100\004\105\004\070\004\071\004\075\000\040\004\105\004\060\004\074\004\063\004\060\004\060\004\073\004\060\004\073}{}% 1
\BOOKMARK [0][-]{section*.8}{\376\377\004\045\004\103\004\100\004\060\004\060\004\075\004\063\004\103\004\071}{}% 2
\BOOKMARK [0][-]{section*.9}{\376\377\004\042\004\060\004\073\004\060\004\100\004\105\004\060\004\073}{}% 3
\BOOKMARK [0][-]{table.0.1}{\376\377\004\042\004\076\004\062\004\107\004\070\004\073\004\101\004\076\004\075\000\040\004\257\004\063\004\101}{}% 4
\BOOKMARK [0][-]{section*.15}{\376\377\004\043\004\064\004\070\004\100\004\102\004\063\004\060\004\073}{}% 5
\BOOKMARK [0][-]{chapter.21}{\376\377\004\045\004\070\004\107\004\115\004\115\004\073\004\070\004\071\004\075\000\040\004\103\004\105\004\060\004\060\004\073\004\060\004\063\000\040\004\102\004\115\004\074\004\064\004\115\004\063\004\073\004\115\004\073\004\070\004\071\004\075\000\040\004\101\004\070\004\101\004\102\004\065\004\074\004\070\004\071\004\075\000\040\004\102\004\103\004\105\004\060\004\071\000\040\004\076\004\075\004\076\004\073\000,\000\040\004\060\004\100\004\063\004\060\000\040\004\067\004\257\004\071\004\075\000\040\004\101\004\103\004\064\004\060\004\073\004\063\004\060\004\060}{}% 6
\BOOKMARK [1][-]{section.22}{\376\377\004\045\004\070\004\107\004\115\004\115\004\073\004\070\004\071\004\075\000\040\004\103\004\105\004\060\004\060\004\073\004\060\004\063\000\040\004\102\004\115\004\074\004\064\004\115\004\063\004\073\004\115\004\073\004\070\004\071\004\075\000\040\004\101\004\070\004\101\004\102\004\065\004\074\004\070\004\071\004\075\000\040\004\102\004\103\004\105\004\060\004\071}{chapter.21}% 7
\BOOKMARK [1][-]{section.24}{\376\377\004\030\004\066\004\070\004\073\000\040\004\102\004\351\004\101\004\102\004\115\004\071\000\040\004\101\004\070\004\101\004\102\004\065\004\074\004\070\004\071\004\075\000\040\004\101\004\103\004\064\004\060\004\073\004\063\004\060\004\060}{chapter.21}% 8
\BOOKMARK [1][-]{section.34}{\376\377\004\042\004\065\004\105\004\075\004\076\004\073\004\076\004\063\004\070\004\071\004\075\000\040\004\101\004\103\004\064\004\060\004\073\004\063\004\060\004\060}{chapter.21}% 9
\BOOKMARK [2][-]{subsection.35}{\376\377\004\045\004\351\004\063\004\066\004\257\004\257\004\073\004\115\004\073\004\102\004\115\004\064\000\040\004\060\004\110\004\070\004\063\004\073\004\060\004\105\000\040\004\060\004\073\004\063\004\076\004\100\004\070\004\102\004\074}{section.34}% 10
\BOOKMARK [2][-]{subsection.36}{\376\377\004\042\004\065\004\105\004\075\004\076\004\073\004\076\004\063\004\070\004\071\004\075\000\040\004\101\004\103\004\064\004\060\004\073\004\063\004\060\004\060}{section.34}% 11
\BOOKMARK [2][-]{subsection.37}{\376\377\004\021\004\257\004\073\004\063\004\070\004\071\004\075\000\040\004\064\004\257\004\063\004\075\004\115\004\073\004\102}{section.34}% 12
\BOOKMARK [0][-]{chapter.38}{\376\377\000.\000.\000.\000\040\004\101\004\070\004\101\004\102\004\065\004\074\004\070\004\071\004\075\000\040\004\110\004\070\004\075\004\066\004\070\004\073\004\063\004\115\004\115}{}% 13
\BOOKMARK [1][-]{section.39}{\376\377\004\041\004\070\004\101\004\102\004\065\004\074\004\070\004\071\004\075\000\040\004\257\004\071\004\073\000\040\004\060\004\066\004\070\004\073\004\073\004\060\004\063\004\060\004\060\004\075\004\113\000\040\004\102\004\103\004\105\004\060\004\071\000\040\004\064\004\115\004\073\004\063\004\115\004\100\004\115\004\075\004\063\004\257\004\071}{chapter.38}% 14
\BOOKMARK [1][-]{section.40}{\376\377\004\041\004\070\004\101\004\102\004\065\004\074\004\070\004\071\004\063\000\040\004\060\004\110\004\070\004\063\004\073\004\060\004\105\000\040\004\105\004\115\004\100\004\115\004\063\004\073\004\115\004\063\004\107\004\070\004\064}{chapter.38}% 15
\BOOKMARK [1][-]{section.41}{\376\377\004\044\004\103\004\075\004\072\004\106\004\070\004\071\004\075\000\040\004\110\004\060\004\060\004\100\004\064\004\073\004\060\004\063\004\060}{chapter.38}% 16
\BOOKMARK [1][-]{section.76}{\376\377\004\044\004\103\004\075\004\072\004\106\004\070\004\071\004\075\000\040\004\061\004\103\004\101\000\040\004\110\004\060\004\060\004\100\004\064\004\073\004\060\004\063\004\060}{chapter.38}% 17
\BOOKMARK [1][-]{section.87}{\376\377\004\056\004\067\004\072\004\065\004\071\004\101\000\040\004\064\004\070\004\060\004\063\004\100\004\060\004\074\004\074}{chapter.38}% 18
\BOOKMARK [1][-]{section.89}{\376\377\004\056\004\067\004\072\004\065\004\071\004\101\004\070\004\071\004\075\000\040\004\102\004\076\004\064\004\076\004\100\004\105\004\076\004\071\004\073\004\076\004\073\004\102}{chapter.38}% 19
\BOOKMARK [1][-]{section.90}{\376\377\004\050\004\070\004\075\004\066\004\070\004\073\004\063\004\115\004\115\004\075\004\070\004\071\000\040\004\072\004\073\004\060\004\101\004\101\000\040\004\064\004\070\004\060\004\063\004\100\004\060\004\074\004\074}{chapter.38}% 20
\BOOKMARK [1][-]{section.91}{\376\377\004\050\004\070\004\075\004\066\004\070\004\073\004\063\004\115\004\115\004\075\004\070\004\071\000\040\004\064\004\060\004\100\004\060\004\060\004\073\004\073\004\113\004\075\000\040\004\064\004\070\004\060\004\063\004\100\004\060\004\074\004\074}{chapter.38}% 21
\BOOKMARK [1][-]{section.92}{\376\377\004\256\004\071\004\073\000\040\004\060\004\066\004\070\004\073\004\073\004\060\004\063\004\060\004\060\004\075\004\113\000\040\004\064\004\070\004\060\004\063\004\100\004\060\004\074\004\074}{chapter.38}% 22
\BOOKMARK [1][-]{section.93}{\376\377\004\021\004\257\004\073\004\063\004\070\004\071\004\075\000\040\004\064\004\257\004\063\004\075\004\115\004\073\004\102}{chapter.38}% 23
\BOOKMARK [0][-]{chapter.94}{\376\377\000.\000.\000.\000\040\004\101\004\070\004\101\004\102\004\065\004\074\004\070\004\071\004\075\000\040\004\067\004\076\004\105\004\070\004\076\004\074\004\066\000\040\004\061\004\060\000\040\004\105\004\351\004\063\004\066\004\257\004\257\004\073\004\115\004\073\004\102}{}% 24
\BOOKMARK [1][-]{section.95}{\376\377\004\041\004\070\004\101\004\102\004\065\004\074\004\070\004\071\004\075\000\040\004\060\004\100\004\105\004\070\004\102\004\065\004\072\004\102\004\103\004\100}{chapter.94}% 25
\BOOKMARK [1][-]{section.97}{\376\377\004\027\004\076\004\105\004\070\004\076\004\074\004\066\004\070\004\071\004\075\000\040\004\110\004\060\004\102\004\075\004\113\000\040\004\072\004\073\004\060\004\101\004\101\000\040\004\064\004\070\004\060\004\063\004\100\004\060\004\074\004\074}{chapter.94}% 26
\BOOKMARK [1][-]{section.98}{\376\377\004\350\004\063\004\351\004\063\004\064\004\073\004\070\004\071\004\075\000\040\004\065\004\100\004\351\004\075\004\105\004\070\004\071\000\040\004\101\004\105\004\065\004\074\000\040}{chapter.94}% 27
\BOOKMARK [1][-]{section.99}{\376\377\004\041\004\070\004\101\004\102\004\065\004\074\004\070\004\071\004\075\000\040\004\077\004\100\004\076\004\102\004\076\004\102\004\070\004\077}{chapter.94}% 28
\BOOKMARK [1][-]{section.100}{\376\377\004\045\004\351\004\063\004\066\004\257\004\257\004\073\004\101\004\115\004\075\000\040\004\101\004\070\004\101\004\102\004\065\004\074\004\070\004\071\004\075\000\040\004\070\004\075\004\102\004\065\004\100\004\104\004\065\004\071\004\101}{chapter.94}% 29
\BOOKMARK [1][-]{section.101}{\376\377\004\041\004\070\004\101\004\102\004\065\004\074\004\064\000\040\004\105\004\070\004\071\004\063\004\064\004\101\004\115\004\075\000\040\004\102\004\065\004\101\004\102}{chapter.94}% 30
\BOOKMARK [1][-]{section.102}{\376\377\004\041\004\070\004\101\004\102\004\065\004\074\004\070\004\071\004\075\000\040\004\075\004\115\004\062\004\102\004\100\004\257\004\257\004\073\004\115\004\073\004\102}{chapter.94}% 31
\BOOKMARK [1][-]{section.103}{\376\377\004\021\004\257\004\073\004\063\004\070\004\071\004\075\000\040\004\064\004\257\004\063\004\075\004\115\004\073\004\102}{chapter.94}% 32
\BOOKMARK [0][-]{section*.104}{\376\377\004\025\004\100\004\351\004\075\004\105\004\070\004\071\000\040\004\064\004\257\004\063\004\075\004\115\004\073\004\102}{}% 33
